# –û–ø—Ü–∏–∏ EXPLAIN –¥–ª—è –≥–µ–Ω–µ—Ä–∞—Ü–∏–∏ –ø–ª–∞–Ω–æ–≤

## üéØ –ö–æ–º–±–∏–Ω–∞—Ü–∏–∏ –æ–ø—Ü–∏–π EXPLAIN

### –ë–∞–∑–æ–≤—ã–µ —Ñ–æ—Ä–º–∞—Ç—ã:
```sql
EXPLAIN (FORMAT JSON) SELECT * FROM your_table WHERE your_column = 'value';
EXPLAIN (FORMAT XML) SELECT * FROM your_table WHERE your_column = 'value';
EXPLAIN (FORMAT YAML) SELECT * FROM your_table WHERE your_column = 'value';
```

### –†–∞—Å—à–∏—Ä–µ–Ω–Ω—ã–µ –æ–ø—Ü–∏–∏:
- **ANALYZE** - –≤—ã–ø–æ–ª–Ω—è–µ—Ç –∑–∞–ø—Ä–æ—Å –∏ –ø–æ–∫–∞–∑—ã–≤–∞–µ—Ç —Ñ–∞–∫—Ç–∏—á–µ—Å–∫–∏–µ –¥–∞–Ω–Ω—ã–µ
- **VERBOSE** - –ø–æ–∫–∞–∑—ã–≤–∞–µ—Ç –¥–æ–ø–æ–ª–Ω–∏—Ç–µ–ª—å–Ω—É—é –∏–Ω—Ñ–æ—Ä–º–∞—Ü–∏—é
- **COSTS** - –ø–æ–∫–∞–∑—ã–≤–∞–µ—Ç –æ—Ü–µ–Ω–∫–∏ —Å—Ç–æ–∏–º–æ—Å—Ç–∏ (–ø–æ —É–º–æ–ª—á–∞–Ω–∏—é)
- **BUFFERS** - –ø–æ–∫–∞–∑—ã–≤–∞–µ—Ç —Å—Ç–∞—Ç–∏—Å—Ç–∏–∫—É –±—É—Ñ–µ—Ä–æ–≤
- **TIMING** - –ø–æ–∫–∞–∑—ã–≤–∞–µ—Ç –≤—Ä–µ–º—è –≤—ã–ø–æ–ª–Ω–µ–Ω–∏—è
- **SUMMARY** - –ø–æ–∫–∞–∑—ã–≤–∞–µ—Ç –æ–±—â—É—é —Å—Ç–∞—Ç–∏—Å—Ç–∏–∫—É

## üìã –ü—Ä–∏–º–µ—Ä—ã –∫–æ–º–±–∏–Ω–∞—Ü–∏–π

### 1. –î–µ—Ç–∞–ª—å–Ω—ã–π JSON –ø–ª–∞–Ω —Å –∞–Ω–∞–ª–∏–∑–æ–º
```sql
EXPLAIN (ANALYZE, FORMAT JSON) SELECT * FROM orders WHERE order_date >= '2025-01-01';
```

**–†–µ–∑—É–ª—å—Ç–∞—Ç:**
```json
[
  {
    "Plan": {
      "Node Type": "Seq Scan",
      "Relation Name": "orders",
      "Alias": "orders",
      "Startup Cost": 0.00,
      "Total Cost": 25.00,
      "Plan Rows": 1000,
      "Plan Width": 244,
      "Filter": "(order_date >= '2025-01-01'::date)",
      "Actual Startup Time": 0.123,
      "Actual Total Time": 5.456,
      "Actual Rows": 850,
      "Actual Loops": 1,
      "Planning Time": 0.234,
      "Execution Time": 5.690
    }
  }
]
```

### 2. XML –ø–ª–∞–Ω —Å –±—É—Ñ–µ—Ä–∞–º–∏
```sql
EXPLAIN (ANALYZE, BUFFERS, FORMAT XML) SELECT * FROM orders WHERE order_date >= '2025-01-01';
```

**–†–µ–∑—É–ª—å—Ç–∞—Ç:**
```xml
<?xml version="1.0" encoding="UTF-8"?>
<explain xmlns="http://www.postgresql.org/2009/explain">
  <Query>
    <Plan>
      <Node-Type>Seq Scan</Node-Type>
      <Relation-Name>orders</Relation-Name>
      <Alias>orders</Alias>
      <Startup-Cost>0.00</Startup-Cost>
      <Total-Cost>25.00</Total-Cost>
      <Plan-Rows>1000</Plan-Rows>
      <Plan-Width>244</Plan-Width>
      <Filter>(order_date &gt;= '2025-01-01'::date)</Filter>
      <Actual-Startup-Time>0.123</Actual-Startup-Time>
      <Actual-Total-Time>5.456</Actual-Total-Time>
      <Actual-Rows>850</Actual-Rows>
      <Actual-Loops>1</Actual-Loops>
      <Buffers>
        <Shared-Hit>5</Shared-Hit>
        <Shared-Read>10</Shared-Read>
        <Shared-Dirtied>0</Shared-Dirtied>
        <Shared-Written>0</Shared-Written>
        <Local-Hit>0</Local-Hit>
        <Local-Read>0</Local-Read>
        <Local-Dirtied>0</Local-Dirtied>
        <Local-Written>0</Local-Written>
        <Temp-Read>0</Temp-Read>
        <Temp-Written>0</Temp-Written>
      </Buffers>
      <Planning-Time>0.234</Planning-Time>
      <Execution-Time>5.690</Execution-Time>
    </Plan>
  </Query>
</explain>
```

### 3. –ü–æ–¥—Ä–æ–±–Ω—ã–π –ø–ª–∞–Ω —Å –≤–µ—Ä–±–æ–∑–Ω–æ—Å—Ç—å—é
```sql
EXPLAIN (ANALYZE, VERBOSE, FORMAT JSON) 
SELECT o.*, c.name 
FROM orders o 
JOIN customers c ON o.customer_id = c.id;
```

## üîÑ –ü–æ—Ç–æ–∫ –¥–∞–Ω–Ω—ã—Ö –≤ –Ω–∞—à–µ–º –ø—Ä–æ–µ–∫—Ç–µ

### 1. LLM –≥–µ–Ω–µ—Ä–∏—Ä—É–µ—Ç –ø–ª–∞–Ω
**–í—Ö–æ–¥:** "–ü–æ–∫–∞–∂–∏ –∑–∞–∫–∞–∑—ã –∑–∞ –ø–æ—Å–ª–µ–¥–Ω–∏–µ 3 –¥–Ω—è"  
**–í—ã—Ö–æ–¥:** –ü–ª–∞–Ω –≤ JSON/XML —Ñ–æ—Ä–º–∞—Ç–µ

### 2. –ü–µ—Ä–µ–¥–∞—á–∞ –≤ Core Platform
```json
{
  "query_plan": [
    {
      "Plan": {
        "Node Type": "Seq Scan",
        "Relation Name": "orders",
        "Startup Cost": 0.00,
        "Total Cost": 25.00,
        "Plan Rows": 1000,
        "Plan Width": 244,
        "Filter": "(order_date >= '2025-01-01'::date)"
      }
    }
  ],
  "user_context": {
    "user_id": "123",
    "role": "manager",
    "branch_id": "456"
  },
  "plan_options": {
    "format": "JSON",
    "analyze": false,
    "verbose": false
  }
}
```

### 3. Core Platform –æ–±—Ä–∞–±–∞—Ç—ã–≤–∞–µ—Ç
- –ü–∞—Ä—Å–∏—Ç –ø–ª–∞–Ω
- –î–æ–±–∞–≤–ª—è–µ—Ç —Ä–æ–ª–µ–≤—ã–µ –æ–≥—Ä–∞–Ω–∏—á–µ–Ω–∏—è
- –ì–µ–Ω–µ—Ä–∏—Ä—É–µ—Ç SQL
- –í—ã–ø–æ–ª–Ω—è–µ—Ç –∑–∞–ø—Ä–æ—Å

## üí° –†–µ–∫–æ–º–µ–Ω–¥–∞—Ü–∏–∏ –¥–ª—è LLM

### 1. –ë–∞–∑–æ–≤—ã–π –ø–ª–∞–Ω (–¥–ª—è —Ä–∞–∑—Ä–∞–±–æ—Ç–∫–∏)
```sql
EXPLAIN (FORMAT JSON) SELECT * FROM orders WHERE order_date >= '2025-01-01';
```

### 2. –î–µ—Ç–∞–ª—å–Ω—ã–π –ø–ª–∞–Ω (–¥–ª—è –ø—Ä–æ–¥–∞–∫—à–µ–Ω–∞)
```sql
EXPLAIN (ANALYZE, VERBOSE, FORMAT JSON) SELECT * FROM orders WHERE order_date >= '2025-01-01';
```

### 3. –ü–ª–∞–Ω —Å –±—É—Ñ–µ—Ä–∞–º–∏ (–¥–ª—è –æ–ø—Ç–∏–º–∏–∑–∞—Ü–∏–∏)
```sql
EXPLAIN (ANALYZE, BUFFERS, FORMAT JSON) SELECT * FROM orders WHERE order_date >= '2025-01-01';
```

## üéØ –ü—Ä–æ–º–ø—Ç –¥–ª—è LLM

```
–°–≥–µ–Ω–µ—Ä–∏—Ä—É–π –ø–ª–∞–Ω PostgreSQL –¥–ª—è –∑–∞–ø—Ä–æ—Å–∞: "{user_query}"

–°—Ö–µ–º–∞ –±–∞–∑—ã –¥–∞–Ω–Ω—ã—Ö:
{table_schema}

–í–µ—Ä–Ω–∏ –ø–ª–∞–Ω –≤ —Ñ–æ—Ä–º–∞—Ç–µ JSON, —Ç–æ—á–Ω–æ –∫–∞–∫ —Ä–µ–∑—É–ª—å—Ç–∞—Ç –∫–æ–º–∞–Ω–¥—ã:
EXPLAIN (FORMAT JSON) {sql_query}

–°—Ç—Ä—É–∫—Ç—É—Ä–∞ –ø–ª–∞–Ω–∞ –¥–æ–ª–∂–Ω–∞ –≤–∫–ª—é—á–∞—Ç—å:
- Node Type (—Ç–∏–ø –æ–ø–µ—Ä–∞—Ü–∏–∏)
- Relation Name (–∏–º—è —Ç–∞–±–ª–∏—Ü—ã)
- Startup Cost (—Å—Ç–æ–∏–º–æ—Å—Ç—å –∑–∞–ø—É—Å–∫–∞)
- Total Cost (–æ–±—â–∞—è —Å—Ç–æ–∏–º–æ—Å—Ç—å)
- Plan Rows (–æ—Ü–µ–Ω–∫–∞ –∫–æ–ª–∏—á–µ—Å—Ç–≤–∞ —Å—Ç—Ä–æ–∫)
- Plan Width (—à–∏—Ä–∏–Ω–∞ —Å—Ç—Ä–æ–∫–∏)
- Filter (—É—Å–ª–æ–≤–∏—è —Ñ–∏–ª—å—Ç—Ä–∞—Ü–∏–∏)
- Plans (–¥–æ—á–µ—Ä–Ω–∏–µ –ø–ª–∞–Ω—ã –¥–ª—è JOIN)

–ü—Ä–∏–º–µ—Ä —Ñ–æ—Ä–º–∞—Ç–∞:
[
  {
    "Plan": {
      "Node Type": "Seq Scan",
      "Relation Name": "orders",
      "Startup Cost": 0.00,
      "Total Cost": 25.00,
      "Plan Rows": 1000,
      "Plan Width": 244,
      "Filter": "(order_date >= '2025-01-01'::date)"
    }
  }
]
```

## ‚ùì –í–æ–ø—Ä–æ—Å—ã –¥–ª—è —É—Ç–æ—á–Ω–µ–Ω–∏—è

1. **–ö–∞–∫–æ–π —É—Ä–æ–≤–µ–Ω—å –¥–µ—Ç–∞–ª–∏–∑–∞—Ü–∏–∏** –Ω—É–∂–µ–Ω –¥–ª—è –ø–ª–∞–Ω–æ–≤?
2. **–ù—É–∂–Ω—ã –ª–∏ —Ñ–∞–∫—Ç–∏—á–µ—Å–∫–∏–µ –¥–∞–Ω–Ω—ã–µ** (ANALYZE) –∏–ª–∏ —Ç–æ–ª—å–∫–æ –æ—Ü–µ–Ω–∫–∏?
3. **–ö–∞–∫–æ–π —Ñ–æ—Ä–º–∞—Ç –ø—Ä–µ–¥–ø–æ—á—Ç–∏—Ç–µ–ª—å–Ω–µ–µ** - JSON –∏–ª–∏ XML?
4. **–ï—Å—Ç—å –ª–∏ –æ–≥—Ä–∞–Ω–∏—á–µ–Ω–∏—è** –Ω–∞ —Ä–∞–∑–º–µ—Ä –ø–ª–∞–Ω–∞?
5. **–ö–∞–∫ –≤–∞–ª–∏–¥–∏—Ä–æ–≤–∞—Ç—å** –∫–æ—Ä—Ä–µ–∫—Ç–Ω–æ—Å—Ç—å —Å–≥–µ–Ω–µ—Ä–∏—Ä–æ–≤–∞–Ω–Ω—ã—Ö –ø–ª–∞–Ω–æ–≤?



