# –ö–æ–Ω–≤–µ—Ä—Ç–∞—Ü–∏—è –ø–ª–∞–Ω–∞ PostgreSQL –≤ JSON

## üéØ –ò—Å–ø–æ–ª—å–∑–æ–≤–∞–Ω–∏–µ EXPLAIN (FORMAT JSON)

–î–ª—è –ø–æ–ª—É—á–µ–Ω–∏—è –ø–ª–∞–Ω–∞ –≤ JSON —Ñ–æ—Ä–º–∞—Ç–µ –∏—Å–ø–æ–ª—å–∑—É–µ—Ç—Å—è –∫–æ–º–∞–Ω–¥–∞:
```sql
EXPLAIN (FORMAT JSON) SELECT * FROM your_table WHERE your_column = 'value';
```

## üìã –ü—Ä–∏–º–µ—Ä—ã –∫–æ–Ω–≤–µ—Ä—Ç–∞—Ü–∏–∏

### 1. –ü—Ä–æ—Å—Ç–æ–π SELECT
**–¢–µ–∫—Å—Ç–æ–≤—ã–π –ø–ª–∞–Ω:**
```
 Seq Scan on tenk1  (cost=0.00..470.00 rows=7000 width=244)
   Filter: (unique1 < 7000)
```

**JSON –ø–ª–∞–Ω:**
```sql
EXPLAIN (FORMAT JSON) SELECT * FROM tenk1 WHERE unique1 < 7000;
```

**–†–µ–∑—É–ª—å—Ç–∞—Ç:**
```json
[
  {
    "Plan": {
      "Node Type": "Seq Scan",
      "Relation Name": "tenk1",
      "Alias": "tenk1",
      "Startup Cost": 0.00,
      "Total Cost": 470.00,
      "Plan Rows": 7000,
      "Plan Width": 244,
      "Filter": "(unique1 < 7000)"
    }
  }
]
```

### 2. JOIN –∑–∞–ø—Ä–æ—Å
**–¢–µ–∫—Å—Ç–æ–≤—ã–π –ø–ª–∞–Ω:**
```
 Hash Join  (cost=25.00..50.00 rows=1000 width=488)
   Hash Cond: (orders.customer_id = customers.id)
   ->  Seq Scan on orders  (cost=0.00..25.00 rows=1000 width=244)
   ->  Hash  (cost=25.00..25.00 rows=1000 width=244)
         ->  Seq Scan on customers  (cost=0.00..25.00 rows=1000 width=244)
```

**JSON –ø–ª–∞–Ω:**
```sql
EXPLAIN (FORMAT JSON) 
SELECT o.*, c.name 
FROM orders o 
JOIN customers c ON o.customer_id = c.id;
```

**–†–µ–∑—É–ª—å—Ç–∞—Ç:**
```json
[
  {
    "Plan": {
      "Node Type": "Hash Join",
      "Startup Cost": 25.00,
      "Total Cost": 50.00,
      "Plan Rows": 1000,
      "Plan Width": 488,
      "Hash Cond": "(orders.customer_id = customers.id)",
      "Plans": [
        {
          "Node Type": "Seq Scan",
          "Relation Name": "orders",
          "Alias": "orders",
          "Startup Cost": 0.00,
          "Total Cost": 25.00,
          "Plan Rows": 1000,
          "Plan Width": 244
        },
        {
          "Node Type": "Hash",
          "Startup Cost": 0.00,
          "Total Cost": 25.00,
          "Plan Rows": 1000,
          "Plan Width": 244,
          "Plans": [
            {
              "Node Type": "Seq Scan",
              "Relation Name": "customers",
              "Alias": "customers",
              "Startup Cost": 0.00,
              "Total Cost": 25.00,
              "Plan Rows": 1000,
              "Plan Width": 244
            }
          ]
        }
      ]
    }
  }
]
```

### 3. –°–æ—Ä—Ç–∏—Ä–æ–≤–∫–∞ –∏ –≥—Ä—É–ø–ø–∏—Ä–æ–≤–∫–∞
**–¢–µ–∫—Å—Ç–æ–≤—ã–π –ø–ª–∞–Ω:**
```
 Sort  (cost=25.00..27.50 rows=1000 width=244)
   Sort Key: order_date DESC
   ->  Seq Scan on orders  (cost=0.00..25.00 rows=1000 width=244)
```

**JSON –ø–ª–∞–Ω:**
```sql
EXPLAIN (FORMAT JSON) 
SELECT * FROM orders 
ORDER BY order_date DESC;
```

**–†–µ–∑—É–ª—å—Ç–∞—Ç:**
```json
[
  {
    "Plan": {
      "Node Type": "Sort",
      "Startup Cost": 25.00,
      "Total Cost": 27.50,
      "Plan Rows": 1000,
      "Plan Width": 244,
      "Sort Key": ["order_date DESC"],
      "Plans": [
        {
          "Node Type": "Seq Scan",
          "Relation Name": "orders",
          "Alias": "orders",
          "Startup Cost": 0.00,
          "Total Cost": 25.00,
          "Plan Rows": 1000,
          "Plan Width": 244
        }
      ]
    }
  }
]
```

## üîÑ –ü–æ—Ç–æ–∫ –¥–∞–Ω–Ω—ã—Ö –≤ –Ω–∞—à–µ–º –ø—Ä–æ–µ–∫—Ç–µ

### 1. LLM –≥–µ–Ω–µ—Ä–∏—Ä—É–µ—Ç –ø–ª–∞–Ω
**–í—Ö–æ–¥:** "–ü–æ–∫–∞–∂–∏ –∑–∞–∫–∞–∑—ã –∑–∞ –ø–æ—Å–ª–µ–¥–Ω–∏–µ 3 –¥–Ω—è"  
**–í—ã—Ö–æ–¥:** –ü–ª–∞–Ω –≤ JSON —Ñ–æ—Ä–º–∞—Ç–µ (–∫–∞–∫ —Ä–µ–∑—É–ª—å—Ç–∞—Ç EXPLAIN FORMAT JSON)

### 2. –ü–µ—Ä–µ–¥–∞—á–∞ –≤ Core Platform
```json
{
  "query_plan": [
    {
      "Plan": {
        "Node Type": "Seq Scan",
        "Relation Name": "orders",
        "Filter": "(order_date >= '2025-01-01'::date)"
      }
    }
  ],
  "user_context": {
    "user_id": "123",
    "role": "manager",
    "branch_id": "456"
  }
}
```

### 3. Core Platform –æ–±—Ä–∞–±–∞—Ç—ã–≤–∞–µ—Ç
- –ü–∞—Ä—Å–∏—Ç –ø–ª–∞–Ω
- –î–æ–±–∞–≤–ª—è–µ—Ç —Ä–æ–ª–µ–≤—ã–µ –æ–≥—Ä–∞–Ω–∏—á–µ–Ω–∏—è
- –ì–µ–Ω–µ—Ä–∏—Ä—É–µ—Ç SQL
- –í—ã–ø–æ–ª–Ω—è–µ—Ç –∑–∞–ø—Ä–æ—Å

## üí° –ü—Ä–∏–º–µ—Ä—ã –¥–ª—è —Ç–µ—Å—Ç–∏—Ä–æ–≤–∞–Ω–∏—è LLM

### –ü—Ä–æ—Å—Ç—ã–µ –∑–∞–ø—Ä–æ—Å—ã:
```sql
-- 1. –ü—Ä–æ—Å—Ç–æ–π SELECT
EXPLAIN (FORMAT JSON) SELECT * FROM orders;

-- 2. SELECT —Å —É—Å–ª–æ–≤–∏–µ–º
EXPLAIN (FORMAT JSON) SELECT * FROM orders WHERE status = 'completed';

-- 3. SELECT —Å —Å–æ—Ä—Ç–∏—Ä–æ–≤–∫–æ–π
EXPLAIN (FORMAT JSON) SELECT * FROM orders ORDER BY order_date DESC;

-- 4. SELECT —Å –ª–∏–º–∏—Ç–æ–º
EXPLAIN (FORMAT JSON) SELECT * FROM orders LIMIT 10;
```

### –°–ª–æ–∂–Ω—ã–µ –∑–∞–ø—Ä–æ—Å—ã:
```sql
-- 5. JOIN
EXPLAIN (FORMAT JSON) 
SELECT o.*, c.name 
FROM orders o 
JOIN customers c ON o.customer_id = c.id;

-- 6. GROUP BY
EXPLAIN (FORMAT JSON) 
SELECT customer_id, COUNT(*) 
FROM orders 
GROUP BY customer_id;

-- 7. –ü–æ–¥–∑–∞–ø—Ä–æ—Å
EXPLAIN (FORMAT JSON) 
SELECT * FROM orders 
WHERE customer_id IN (
  SELECT id FROM customers WHERE city = 'Moscow'
);
```

## üéØ –ó–∞–¥–∞—á–∏ –¥–ª—è LLM

### 1. –ì–µ–Ω–µ—Ä–∞—Ü–∏—è –ø–ª–∞–Ω–∞
LLM –¥–æ–ª–∂–µ–Ω –≥–µ–Ω–µ—Ä–∏—Ä–æ–≤–∞—Ç—å –ø–ª–∞–Ω –≤ —Ç–æ–º –∂–µ —Ñ–æ—Ä–º–∞—Ç–µ, —á—Ç–æ –∏ `EXPLAIN (FORMAT JSON)`.

### 2. –ü—Ä–æ–º–ø—Ç –¥–ª—è LLM
```
–°–≥–µ–Ω–µ—Ä–∏—Ä—É–π –ø–ª–∞–Ω PostgreSQL –¥–ª—è –∑–∞–ø—Ä–æ—Å–∞: "{user_query}"

–°—Ö–µ–º–∞ –±–∞–∑—ã –¥–∞–Ω–Ω—ã—Ö:
{table_schema}

–í–µ—Ä–Ω–∏ –ø–ª–∞–Ω –≤ —Ñ–æ—Ä–º–∞—Ç–µ JSON, —Ç–æ—á–Ω–æ –∫–∞–∫ —Ä–µ–∑—É–ª—å—Ç–∞—Ç –∫–æ–º–∞–Ω–¥—ã:
EXPLAIN (FORMAT JSON) {sql_query}

–ü—Ä–∏–º–µ—Ä —Ñ–æ—Ä–º–∞—Ç–∞:
[
  {
    "Plan": {
      "Node Type": "Seq Scan",
      "Relation Name": "table_name",
      "Startup Cost": 0.00,
      "Total Cost": 25.00,
      "Plan Rows": 1000,
      "Plan Width": 244
    }
  }
]
```

## ‚ùì –í–æ–ø—Ä–æ—Å—ã –¥–ª—è —É—Ç–æ—á–Ω–µ–Ω–∏—è

1. **–ö–∞–∫ —Ç–µ—Å—Ç–∏—Ä–æ–≤–∞—Ç—å –≥–µ–Ω–µ—Ä–∞—Ü–∏—é –ø–ª–∞–Ω–æ–≤** LLM?
2. **–ö–∞–∫–∏–µ –ø—Ä–∏–º–µ—Ä—ã –∑–∞–ø—Ä–æ—Å–æ–≤** –∏—Å–ø–æ–ª—å–∑–æ–≤–∞—Ç—å –¥–ª—è —Ç–µ—Å—Ç–∏—Ä–æ–≤–∞–Ω–∏—è?
3. **–ö–∞–∫ –≤–∞–ª–∏–¥–∏—Ä–æ–≤–∞—Ç—å** –∫–æ—Ä—Ä–µ–∫—Ç–Ω–æ—Å—Ç—å —Å–≥–µ–Ω–µ—Ä–∏—Ä–æ–≤–∞–Ω–Ω—ã—Ö –ø–ª–∞–Ω–æ–≤?
4. **–ï—Å—Ç—å –ª–∏ –æ–≥—Ä–∞–Ω–∏—á–µ–Ω–∏—è** –Ω–∞ —Å–ª–æ–∂–Ω–æ—Å—Ç—å –ø–ª–∞–Ω–æ–≤?



