# –§–æ—Ä–º–∞—Ç –ø–ª–∞–Ω–∞ PostgreSQL –¥–ª—è LLM

## üéØ –§–æ—Ä–º–∞—Ç –ø–ª–∞–Ω–∞ = –°—Ç–∞–Ω–¥–∞—Ä—Ç–Ω—ã–π PostgreSQL EXPLAIN

LLM –¥–æ–ª–∂–µ–Ω –≥–µ–Ω–µ—Ä–∏—Ä–æ–≤–∞—Ç—å –ø–ª–∞–Ω –≤ —Å—Ç–∞–Ω–¥–∞—Ä—Ç–Ω–æ–º —Ñ–æ—Ä–º–∞—Ç–µ PostgreSQL EXPLAIN.

## üìã –î–æ—Å—Ç—É–ø–Ω—ã–µ —Ñ–æ—Ä–º–∞—Ç—ã –≤ PostgreSQL

### 1. JSON —Ñ–æ—Ä–º–∞—Ç (—Ä–µ–∫–æ–º–µ–Ω–¥—É–µ–º—ã–π –¥–ª—è API)
```sql
EXPLAIN (FORMAT JSON) SELECT * FROM orders WHERE order_date >= '2025-01-01';
```

**–†–µ–∑—É–ª—å—Ç–∞—Ç:**
```json
[
  {
    "Plan": {
      "Node Type": "Seq Scan",
      "Relation Name": "orders",
      "Alias": "orders",
      "Startup Cost": 0.00,
      "Total Cost": 25.00,
      "Plan Rows": 1000,
      "Plan Width": 244,
      "Filter": "(order_date >= '2025-01-01'::date)"
    }
  }
]
```

### 2. XML —Ñ–æ—Ä–º–∞—Ç
```sql
EXPLAIN (FORMAT XML) SELECT * FROM orders WHERE order_date >= '2025-01-01';
```

**–†–µ–∑—É–ª—å—Ç–∞—Ç:**
```xml
<?xml version="1.0" encoding="UTF-8"?>
<explain xmlns="http://www.postgresql.org/2009/explain">
  <Query>
    <Plan>
      <Node-Type>Seq Scan</Node-Type>
      <Relation-Name>orders</Relation-Name>
      <Alias>orders</Alias>
      <Startup-Cost>0.00</Startup-Cost>
      <Total-Cost>25.00</Total-Cost>
      <Plan-Rows>1000</Plan-Rows>
      <Plan-Width>244</Plan-Width>
      <Filter>(order_date &gt;= '2025-01-01'::date)</Filter>
    </Plan>
  </Query>
</explain>
```

### 3. YAML —Ñ–æ—Ä–º–∞—Ç
```sql
EXPLAIN (FORMAT YAML) SELECT * FROM orders WHERE order_date >= '2025-01-01';
```

## üîÑ –ü–æ—Ç–æ–∫ –¥–∞–Ω–Ω—ã—Ö —Å PostgreSQL —Ñ–æ—Ä–º–∞—Ç–æ–º

```
–ü–æ–ª—å–∑–æ–≤–∞—Ç–µ–ª—å ‚Üí API ‚Üí LLM ‚Üí PostgreSQL Plan (JSON/XML) ‚Üí Core Platform ‚Üí SQL ‚Üí PostgreSQL ‚Üí –†–µ–∑—É–ª—å—Ç–∞—Ç
```

### –î–µ—Ç–∞–ª–∏–∑–∞—Ü–∏—è:
1. **LLM –≥–µ–Ω–µ—Ä–∏—Ä—É–µ—Ç –ø–ª–∞–Ω** –≤ —Å—Ç–∞–Ω–¥–∞—Ä—Ç–Ω–æ–º PostgreSQL —Ñ–æ—Ä–º–∞—Ç–µ
2. **Core Platform –ø–æ–ª—É—á–∞–µ—Ç –ø–ª–∞–Ω** –∏ –¥–æ–±–∞–≤–ª—è–µ—Ç —Ä–æ–ª–µ–≤—ã–µ –æ–≥—Ä–∞–Ω–∏—á–µ–Ω–∏—è
3. **Core Platform –≥–µ–Ω–µ—Ä–∏—Ä—É–µ—Ç SQL** –∏–∑ –ø–ª–∞–Ω–∞
4. **PostgreSQL –≤—ã–ø–æ–ª–Ω—è–µ—Ç SQL** –∏ –≤–æ–∑–≤—Ä–∞—â–∞–µ—Ç —Ä–µ–∑—É–ª—å—Ç–∞—Ç

## üìä –ü—Ä–∏–º–µ—Ä—ã –ø–ª–∞–Ω–æ–≤ –¥–ª—è —Ä–∞–∑–Ω—ã—Ö –∑–∞–ø—Ä–æ—Å–æ–≤

### –ü—Ä–æ—Å—Ç–æ–π SELECT:
```json
[
  {
    "Plan": {
      "Node Type": "Seq Scan",
      "Relation Name": "orders",
      "Alias": "orders",
      "Startup Cost": 0.00,
      "Total Cost": 25.00,
      "Plan Rows": 1000,
      "Plan Width": 244
    }
  }
]
```

### SELECT —Å —É—Å–ª–æ–≤–∏–µ–º:
```json
[
  {
    "Plan": {
      "Node Type": "Seq Scan",
      "Relation Name": "orders",
      "Alias": "orders",
      "Startup Cost": 0.00,
      "Total Cost": 25.00,
      "Plan Rows": 100,
      "Plan Width": 244,
      "Filter": "(order_date >= '2025-01-01'::date)"
    }
  }
]
```

### JOIN –∑–∞–ø—Ä–æ—Å:
```json
[
  {
    "Plan": {
      "Node Type": "Hash Join",
      "Startup Cost": 0.00,
      "Total Cost": 50.00,
      "Plan Rows": 1000,
      "Plan Width": 488,
      "Hash Cond": "(orders.customer_id = customers.id)",
      "Plans": [
        {
          "Node Type": "Seq Scan",
          "Relation Name": "orders",
          "Alias": "orders",
          "Startup Cost": 0.00,
          "Total Cost": 25.00,
          "Plan Rows": 1000,
          "Plan Width": 244
        },
        {
          "Node Type": "Hash",
          "Startup Cost": 0.00,
          "Total Cost": 25.00,
          "Plan Rows": 1000,
          "Plan Width": 244,
          "Plans": [
            {
              "Node Type": "Seq Scan",
              "Relation Name": "customers",
              "Alias": "customers",
              "Startup Cost": 0.00,
              "Total Cost": 25.00,
              "Plan Rows": 1000,
              "Plan Width": 244
            }
          ]
        }
      ]
    }
  }
]
```

## ü§î –í–æ–ø—Ä–æ—Å—ã –¥–ª—è —É—Ç–æ—á–Ω–µ–Ω–∏—è

### 1. –ö–∞–∫–æ–π —Ñ–æ—Ä–º–∞—Ç –ø—Ä–µ–¥–ø–æ—á—Ç–∏—Ç–µ–ª—å–Ω–µ–µ?
**‚ùì –í–û–ü–†–û–°:** LLM –¥–æ–ª–∂–µ–Ω –≥–µ–Ω–µ—Ä–∏—Ä–æ–≤–∞—Ç—å –ø–ª–∞–Ω –≤ –∫–∞–∫–æ–º —Ñ–æ—Ä–º–∞—Ç–µ?
- JSON (—É–¥–æ–±–Ω–æ –¥–ª—è API)
- XML (—Å—Ç–∞–Ω–¥–∞—Ä—Ç–Ω—ã–π)
- YAML (—á–∏—Ç–∞–µ–º—ã–π)

### 2. –ö–∞–∫ Core Platform –æ–±—Ä–∞–±–∞—Ç—ã–≤–∞–µ—Ç –ø–ª–∞–Ω?
**‚ùì –í–û–ü–†–û–°:** Core Platform:
- –ü–∞—Ä—Å–∏—Ç PostgreSQL –ø–ª–∞–Ω –∏ –¥–æ–±–∞–≤–ª—è–µ—Ç —Ä–æ–ª–µ–≤—ã–µ –æ–≥—Ä–∞–Ω–∏—á–µ–Ω–∏—è?
- –ì–µ–Ω–µ—Ä–∏—Ä—É–µ—Ç SQL –∏–∑ –ø–ª–∞–Ω–∞?
- –í—ã–ø–æ–ª–Ω—è–µ—Ç SQL –∏–ª–∏ –≤–æ–∑–≤—Ä–∞—â–∞–µ—Ç –≥–æ—Ç–æ–≤—ã–π SQL?

### 3. –†–æ–ª–µ–≤—ã–µ –æ–≥—Ä–∞–Ω–∏—á–µ–Ω–∏—è –≤ –ø–ª–∞–Ω–µ
**‚ùì –í–û–ü–†–û–°:** –ö–∞–∫ Core Platform –¥–æ–±–∞–≤–ª—è–µ—Ç —Ä–æ–ª–µ–≤—ã–µ –æ–≥—Ä–∞–Ω–∏—á–µ–Ω–∏—è?
- –ú–æ–¥–∏—Ñ–∏—Ü–∏—Ä—É–µ—Ç —Å—É—â–µ—Å—Ç–≤—É—é—â–∏–π –ø–ª–∞–Ω?
- –°–æ–∑–¥–∞–µ—Ç –Ω–æ–≤—ã–π –ø–ª–∞–Ω —Å –æ–≥—Ä–∞–Ω–∏—á–µ–Ω–∏—è–º–∏?
- –î–æ–±–∞–≤–ª—è–µ—Ç —Ñ–∏–ª—å—Ç—Ä—ã –≤ –ø–ª–∞–Ω?

## üí° –ü—Ä–µ–¥–ø–æ–ª–∞–≥–∞–µ–º–∞—è —Ä–∞–±–æ—Ç–∞ LLM

### –í—Ö–æ–¥–Ω—ã–µ –¥–∞–Ω–Ω—ã–µ –¥–ª—è LLM:
- –ï—Å—Ç–µ—Å—Ç–≤–µ–Ω–Ω—ã–π —è–∑—ã–∫: "–ü–æ–∫–∞–∂–∏ –∑–∞–∫–∞–∑—ã –∑–∞ –ø–æ—Å–ª–µ–¥–Ω–∏–µ 3 –¥–Ω—è"
- –°—Ö–µ–º–∞ –±–∞–∑—ã –¥–∞–Ω–Ω—ã—Ö (–∫–∞—Ç–∞–ª–æ–≥ —Å—Ö–µ–º)
- –ö–æ–Ω—Ç–µ–∫—Å—Ç –ø–æ–ª—å–∑–æ–≤–∞—Ç–µ–ª—è (—Ä–æ–ª—å, –ø—Ä–∞–≤–∞)

### –í—ã—Ö–æ–¥–Ω—ã–µ –¥–∞–Ω–Ω—ã–µ LLM:
- –ü–ª–∞–Ω –≤ —Å—Ç–∞–Ω–¥–∞—Ä—Ç–Ω–æ–º PostgreSQL —Ñ–æ—Ä–º–∞—Ç–µ (JSON/XML)
- –ì–æ—Ç–æ–≤—ã–π –¥–ª—è –ø–µ—Ä–µ–¥–∞—á–∏ –≤ Core Platform

### –ü—Ä–∏–º–µ—Ä –ø—Ä–æ–º–ø—Ç–∞ –¥–ª—è LLM:
```
–°–≥–µ–Ω–µ—Ä–∏—Ä—É–π –ø–ª–∞–Ω PostgreSQL –¥–ª—è –∑–∞–ø—Ä–æ—Å–∞: "–ü–æ–∫–∞–∂–∏ –∑–∞–∫–∞–∑—ã –∑–∞ –ø–æ—Å–ª–µ–¥–Ω–∏–µ 3 –¥–Ω—è"

–°—Ö–µ–º–∞ –±–∞–∑—ã –¥–∞–Ω–Ω—ã—Ö:
- –¢–∞–±–ª–∏—Ü–∞: orders (id, customer_id, order_date, amount)
- –¢–∞–±–ª–∏—Ü–∞: customers (id, name, email)

–í–µ—Ä–Ω–∏ –ø–ª–∞–Ω –≤ —Ñ–æ—Ä–º–∞—Ç–µ JSON –∫–∞–∫ EXPLAIN (FORMAT JSON) –≤ PostgreSQL.
```

## üéØ –°–ª–µ–¥—É—é—â–∏–µ —à–∞–≥–∏

1. **–í—ã–±—Ä–∞—Ç—å —Ñ–æ—Ä–º–∞—Ç –ø–ª–∞–Ω–∞** - JSON/XML/YAML
2. **–°–æ–∑–¥–∞—Ç—å –ø—Ä–æ–º–ø—Ç –¥–ª—è LLM** - –≥–µ–Ω–µ—Ä–∞—Ü–∏—è PostgreSQL –ø–ª–∞–Ω–∞
3. **–ü—Ä–æ—Ç–µ—Å—Ç–∏—Ä–æ–≤–∞—Ç—å –≥–µ–Ω–µ—Ä–∞—Ü–∏—é** - –ø—Ä–æ—Å—Ç—ã–µ –∑–∞–ø—Ä–æ—Å—ã
4. **–ò–Ω—Ç–µ–≥—Ä–∏—Ä–æ–≤–∞—Ç—å —Å Core Platform** - –ø–µ—Ä–µ–¥–∞—á–∞ –ø–ª–∞–Ω–∞

## ‚ùì –ö—Ä–∏—Ç–∏—á–µ—Å–∫–∏–µ –≤–æ–ø—Ä–æ—Å—ã –¥–ª—è –∑–∞–∫–∞–∑—á–∏–∫–∞

1. **–ö–∞–∫–æ–π —Ñ–æ—Ä–º–∞—Ç –ø–ª–∞–Ω–∞ –ø—Ä–µ–¥–ø–æ—á—Ç–∏—Ç–µ–ª—å–Ω–µ–µ?** (JSON/XML/YAML)
2. **–ö–∞–∫ Core Platform –æ–±—Ä–∞–±–∞—Ç—ã–≤–∞–µ—Ç –ø–ª–∞–Ω?** (–ø–∞—Ä—Å–∏–Ω–≥, –º–æ–¥–∏—Ñ–∏–∫–∞—Ü–∏—è, –≥–µ–Ω–µ—Ä–∞—Ü–∏—è SQL)
3. **–ï—Å—Ç—å –ª–∏ –ø—Ä–∏–º–µ—Ä—ã –ø–ª–∞–Ω–æ–≤** –∫–æ—Ç–æ—Ä—ã–µ –¥–æ–ª–∂–Ω–∞ –≥–µ–Ω–µ—Ä–∏—Ä–æ–≤–∞—Ç—å —Å–∏—Å—Ç–µ–º–∞?
4. **–ö–∞–∫ —Ç–µ—Å—Ç–∏—Ä–æ–≤–∞—Ç—å –≥–µ–Ω–µ—Ä–∞—Ü–∏—é –ø–ª–∞–Ω–æ–≤** LLM?



