# –§–∏–Ω–∞–ª—å–Ω–∞—è –∞—Ä—Ö–∏—Ç–µ–∫—Ç—É—Ä–∞ —Å–∏—Å—Ç–µ–º—ã NL‚ÜíSQL

## üéØ –ü–æ–Ω—è–ª! –ê—Ä—Ö–∏—Ç–µ–∫—Ç—É—Ä–∞ —Å–∏—Å—Ç–µ–º—ã

### –û—Å–Ω–æ–≤–Ω–æ–π –ø–æ—Ç–æ–∫ –¥–∞–Ω–Ω—ã—Ö:
```
–ü–æ–ª—å–∑–æ–≤–∞—Ç–µ–ª—å ‚Üí API-–°–µ—Ä–≤–∏—Å ‚Üí LLM ‚Üí PostgreSQL Plan ‚Üí Core Platform ‚Üí SQL ‚Üí PostgreSQL ‚Üí –†–µ–∑—É–ª—å—Ç–∞—Ç
```

## üèóÔ∏è –ö–æ–º–ø–æ–Ω–µ–Ω—Ç—ã —Å–∏—Å—Ç–µ–º—ã

### 1. **–ü–æ–ª—å–∑–æ–≤–∞—Ç–µ–ª—å**
```
‚îå‚îÄ‚îÄ‚îÄ‚îÄ‚îÄ‚îÄ‚îÄ‚îÄ‚îÄ‚îÄ‚îÄ‚îÄ‚îÄ‚îÄ‚îÄ‚îÄ‚îÄ‚îê
‚îÇ   –ü–û–õ–¨–ó–û–í–ê–¢–ï–õ–¨  ‚îÇ
‚îÇ                 ‚îÇ
‚îÇ ‚Ä¢ –í–µ–±-–∏–Ω—Ç–µ—Ä—Ñ–µ–π—Å ‚îÇ
‚îÇ ‚Ä¢ Telegram-–±–æ—Ç  ‚îÇ
‚îÇ ‚Ä¢ –ú–æ–±–∏–ª—å–Ω–æ–µ     ‚îÇ
‚îÇ   –ø—Ä–∏–ª–æ–∂–µ–Ω–∏–µ    ‚îÇ
‚îî‚îÄ‚îÄ‚îÄ‚îÄ‚îÄ‚îÄ‚îÄ‚îÄ‚îÄ‚îÄ‚îÄ‚îÄ‚îÄ‚îÄ‚îÄ‚îÄ‚îÄ‚îò
```

### 2. **API-–°–µ—Ä–≤–∏—Å (Python + FastAPI)**
```
‚îå‚îÄ‚îÄ‚îÄ‚îÄ‚îÄ‚îÄ‚îÄ‚îÄ‚îÄ‚îÄ‚îÄ‚îÄ‚îÄ‚îÄ‚îÄ‚îÄ‚îÄ‚îÄ‚îÄ‚îÄ‚îÄ‚îÄ‚îÄ‚îÄ‚îÄ‚îÄ‚îÄ‚îÄ‚îÄ‚îÄ‚îÄ‚îÄ‚îÄ‚îÄ‚îÄ‚îÄ‚îÄ‚îÄ‚îÄ‚îÄ‚îÄ‚îÄ‚îÄ‚îÄ‚îÄ‚îÄ‚îÄ‚îÄ‚îÄ‚îÄ‚îÄ‚îÄ‚îÄ‚îÄ‚îÄ‚îÄ‚îÄ‚îê
‚îÇ                    API-–°–ï–†–í–ò–°                           ‚îÇ
‚îÇ                (Python + FastAPI)                       ‚îÇ
‚îÇ  ‚îå‚îÄ‚îÄ‚îÄ‚îÄ‚îÄ‚îÄ‚îÄ‚îÄ‚îÄ‚îÄ‚îÄ‚îÄ‚îÄ‚îÄ‚îÄ‚îÄ‚îÄ‚îê  ‚îå‚îÄ‚îÄ‚îÄ‚îÄ‚îÄ‚îÄ‚îÄ‚îÄ‚îÄ‚îÄ‚îÄ‚îÄ‚îÄ‚îÄ‚îÄ‚îÄ‚îÄ‚îê              ‚îÇ
‚îÇ  ‚îÇ   –ü—Ä–∏–µ–º –∑–∞–ø—Ä–æ—Å–æ–≤‚îÇ  ‚îÇ  –û–±—Ä–∞–±–æ—Ç–∫–∞ NL   ‚îÇ              ‚îÇ
‚îÇ  ‚îÇ   –æ—Ç –ø–æ–ª—å–∑–æ–≤–∞—Ç–µ–ª—è‚îÇ  ‚îÇ   –∑–∞–ø—Ä–æ—Å–æ–≤      ‚îÇ              ‚îÇ
‚îÇ  ‚îî‚îÄ‚îÄ‚îÄ‚îÄ‚îÄ‚îÄ‚îÄ‚îÄ‚îÄ‚îÄ‚îÄ‚îÄ‚îÄ‚îÄ‚îÄ‚îÄ‚îÄ‚îò  ‚îî‚îÄ‚îÄ‚îÄ‚îÄ‚îÄ‚îÄ‚îÄ‚îÄ‚îÄ‚îÄ‚îÄ‚îÄ‚îÄ‚îÄ‚îÄ‚îÄ‚îÄ‚îò              ‚îÇ
‚îÇ  ‚îå‚îÄ‚îÄ‚îÄ‚îÄ‚îÄ‚îÄ‚îÄ‚îÄ‚îÄ‚îÄ‚îÄ‚îÄ‚îÄ‚îÄ‚îÄ‚îÄ‚îÄ‚îê  ‚îå‚îÄ‚îÄ‚îÄ‚îÄ‚îÄ‚îÄ‚îÄ‚îÄ‚îÄ‚îÄ‚îÄ‚îÄ‚îÄ‚îÄ‚îÄ‚îÄ‚îÄ‚îê              ‚îÇ
‚îÇ  ‚îÇ  –ì–µ–Ω–µ—Ä–∞—Ü–∏—è      ‚îÇ  ‚îÇ  –ü–µ—Ä–µ–¥–∞—á–∞       ‚îÇ              ‚îÇ
‚îÇ  ‚îÇ  –ø–ª–∞–Ω–∞ —á–µ—Ä–µ–∑    ‚îÇ  ‚îÇ  –ø–ª–∞–Ω–∞ –≤        ‚îÇ              ‚îÇ
‚îÇ  ‚îÇ  LLM            ‚îÇ  ‚îÇ  Core Platform  ‚îÇ              ‚îÇ
‚îÇ  ‚îî‚îÄ‚îÄ‚îÄ‚îÄ‚îÄ‚îÄ‚îÄ‚îÄ‚îÄ‚îÄ‚îÄ‚îÄ‚îÄ‚îÄ‚îÄ‚îÄ‚îÄ‚îò  ‚îî‚îÄ‚îÄ‚îÄ‚îÄ‚îÄ‚îÄ‚îÄ‚îÄ‚îÄ‚îÄ‚îÄ‚îÄ‚îÄ‚îÄ‚îÄ‚îÄ‚îÄ‚îò              ‚îÇ
‚îî‚îÄ‚îÄ‚îÄ‚îÄ‚îÄ‚îÄ‚îÄ‚îÄ‚îÄ‚îÄ‚îÄ‚îÄ‚îÄ‚îÄ‚îÄ‚îÄ‚îÄ‚îÄ‚îÄ‚îÄ‚îÄ‚îÄ‚îÄ‚îÄ‚îÄ‚îÄ‚îÄ‚îÄ‚îÄ‚îÄ‚îÄ‚îÄ‚îÄ‚îÄ‚îÄ‚îÄ‚îÄ‚îÄ‚îÄ‚îÄ‚îÄ‚îÄ‚îÄ‚îÄ‚îÄ‚îÄ‚îÄ‚îÄ‚îÄ‚îÄ‚îÄ‚îÄ‚îÄ‚îÄ‚îÄ‚îÄ‚îÄ‚îò
```

### 3. **–ö–∞—Ç–∞–ª–æ–≥ —Å—Ö–µ–º**
```
‚îå‚îÄ‚îÄ‚îÄ‚îÄ‚îÄ‚îÄ‚îÄ‚îÄ‚îÄ‚îÄ‚îÄ‚îÄ‚îÄ‚îÄ‚îÄ‚îÄ‚îÄ‚îÄ‚îÄ‚îÄ‚îÄ‚îÄ‚îÄ‚îÄ‚îÄ‚îÄ‚îÄ‚îÄ‚îÄ‚îÄ‚îÄ‚îÄ‚îÄ‚îÄ‚îÄ‚îÄ‚îÄ‚îÄ‚îÄ‚îÄ‚îÄ‚îÄ‚îÄ‚îÄ‚îÄ‚îÄ‚îÄ‚îÄ‚îÄ‚îÄ‚îÄ‚îÄ‚îÄ‚îÄ‚îÄ‚îÄ‚îÄ‚îê
‚îÇ                    –ö–ê–¢–ê–õ–û–ì –°–•–ï–ú                         ‚îÇ
‚îÇ  ‚îå‚îÄ‚îÄ‚îÄ‚îÄ‚îÄ‚îÄ‚îÄ‚îÄ‚îÄ‚îÄ‚îÄ‚îÄ‚îÄ‚îÄ‚îÄ‚îÄ‚îÄ‚îê  ‚îå‚îÄ‚îÄ‚îÄ‚îÄ‚îÄ‚îÄ‚îÄ‚îÄ‚îÄ‚îÄ‚îÄ‚îÄ‚îÄ‚îÄ‚îÄ‚îÄ‚îÄ‚îê              ‚îÇ
‚îÇ  ‚îÇ   –û–ø–∏—Å–∞–Ω–∏–µ      ‚îÇ  ‚îÇ   –°—Ç—Ä—É–∫—Ç—É—Ä–∞     ‚îÇ              ‚îÇ
‚îÇ  ‚îÇ   —Ç–∞–±–ª–∏—Ü        ‚îÇ  ‚îÇ   –ø–æ–ª–µ–π         ‚îÇ              ‚îÇ
‚îÇ  ‚îî‚îÄ‚îÄ‚îÄ‚îÄ‚îÄ‚îÄ‚îÄ‚îÄ‚îÄ‚îÄ‚îÄ‚îÄ‚îÄ‚îÄ‚îÄ‚îÄ‚îÄ‚îò  ‚îî‚îÄ‚îÄ‚îÄ‚îÄ‚îÄ‚îÄ‚îÄ‚îÄ‚îÄ‚îÄ‚îÄ‚îÄ‚îÄ‚îÄ‚îÄ‚îÄ‚îÄ‚îò              ‚îÇ
‚îÇ  ‚îå‚îÄ‚îÄ‚îÄ‚îÄ‚îÄ‚îÄ‚îÄ‚îÄ‚îÄ‚îÄ‚îÄ‚îÄ‚îÄ‚îÄ‚îÄ‚îÄ‚îÄ‚îê  ‚îå‚îÄ‚îÄ‚îÄ‚îÄ‚îÄ‚îÄ‚îÄ‚îÄ‚îÄ‚îÄ‚îÄ‚îÄ‚îÄ‚îÄ‚îÄ‚îÄ‚îÄ‚îê              ‚îÇ
‚îÇ  ‚îÇ   –ú–µ—Ç–∞–¥–∞–Ω–Ω—ã–µ    ‚îÇ  ‚îÇ   –ò–Ω–¥–µ–∫—Å—ã       ‚îÇ              ‚îÇ
‚îÇ  ‚îÇ   –ë–î            ‚îÇ  ‚îÇ   –∏ —Å–≤—è–∑–∏       ‚îÇ              ‚îÇ
‚îÇ  ‚îî‚îÄ‚îÄ‚îÄ‚îÄ‚îÄ‚îÄ‚îÄ‚îÄ‚îÄ‚îÄ‚îÄ‚îÄ‚îÄ‚îÄ‚îÄ‚îÄ‚îÄ‚îò  ‚îî‚îÄ‚îÄ‚îÄ‚îÄ‚îÄ‚îÄ‚îÄ‚îÄ‚îÄ‚îÄ‚îÄ‚îÄ‚îÄ‚îÄ‚îÄ‚îÄ‚îÄ‚îò              ‚îÇ
‚îî‚îÄ‚îÄ‚îÄ‚îÄ‚îÄ‚îÄ‚îÄ‚îÄ‚îÄ‚îÄ‚îÄ‚îÄ‚îÄ‚îÄ‚îÄ‚îÄ‚îÄ‚îÄ‚îÄ‚îÄ‚îÄ‚îÄ‚îÄ‚îÄ‚îÄ‚îÄ‚îÄ‚îÄ‚îÄ‚îÄ‚îÄ‚îÄ‚îÄ‚îÄ‚îÄ‚îÄ‚îÄ‚îÄ‚îÄ‚îÄ‚îÄ‚îÄ‚îÄ‚îÄ‚îÄ‚îÄ‚îÄ‚îÄ‚îÄ‚îÄ‚îÄ‚îÄ‚îÄ‚îÄ‚îÄ‚îÄ‚îÄ‚îò
```

### 4. **LLM –ú–æ–¥–µ–ª—å (Ollama/vLLM)**
```
‚îå‚îÄ‚îÄ‚îÄ‚îÄ‚îÄ‚îÄ‚îÄ‚îÄ‚îÄ‚îÄ‚îÄ‚îÄ‚îÄ‚îÄ‚îÄ‚îÄ‚îÄ‚îÄ‚îÄ‚îÄ‚îÄ‚îÄ‚îÄ‚îÄ‚îÄ‚îÄ‚îÄ‚îÄ‚îÄ‚îÄ‚îÄ‚îÄ‚îÄ‚îÄ‚îÄ‚îÄ‚îÄ‚îÄ‚îÄ‚îÄ‚îÄ‚îÄ‚îÄ‚îÄ‚îÄ‚îÄ‚îÄ‚îÄ‚îÄ‚îÄ‚îÄ‚îÄ‚îÄ‚îÄ‚îÄ‚îÄ‚îÄ‚îê
‚îÇ                    LLM –ú–û–î–ï–õ–¨                           ‚îÇ
‚îÇ  ‚îå‚îÄ‚îÄ‚îÄ‚îÄ‚îÄ‚îÄ‚îÄ‚îÄ‚îÄ‚îÄ‚îÄ‚îÄ‚îÄ‚îÄ‚îÄ‚îÄ‚îÄ‚îê              ‚îå‚îÄ‚îÄ‚îÄ‚îÄ‚îÄ‚îÄ‚îÄ‚îÄ‚îÄ‚îÄ‚îÄ‚îÄ‚îÄ‚îÄ‚îÄ‚îÄ‚îÄ‚îê   ‚îÇ
‚îÇ  ‚îÇ     Ollama      ‚îÇ              ‚îÇ      vLLM       ‚îÇ   ‚îÇ
‚îÇ  ‚îÇ   (—Ä–∞–∑—Ä–∞–±–æ—Ç–∫–∞)  ‚îÇ              ‚îÇ  (–ø—Ä–æ–¥–∞–∫—à–µ–Ω)    ‚îÇ   ‚îÇ
‚îÇ  ‚îÇ                 ‚îÇ              ‚îÇ                 ‚îÇ   ‚îÇ
‚îÇ  ‚îÇ ‚Ä¢ Qwen 2.5      ‚îÇ              ‚îÇ ‚Ä¢ Qwen 2.5      ‚îÇ   ‚îÇ
‚îÇ  ‚îÇ ‚Ä¢ Llama 3.1     ‚îÇ              ‚îÇ ‚Ä¢ Llama 3.1     ‚îÇ   ‚îÇ
‚îÇ  ‚îî‚îÄ‚îÄ‚îÄ‚îÄ‚îÄ‚îÄ‚îÄ‚îÄ‚îÄ‚îÄ‚îÄ‚îÄ‚îÄ‚îÄ‚îÄ‚îÄ‚îÄ‚îò              ‚îî‚îÄ‚îÄ‚îÄ‚îÄ‚îÄ‚îÄ‚îÄ‚îÄ‚îÄ‚îÄ‚îÄ‚îÄ‚îÄ‚îÄ‚îÄ‚îÄ‚îÄ‚îò   ‚îÇ
‚îÇ                                                     ‚îÇ   ‚îÇ
‚îÇ  –í–•–û–î: "–ü–æ–∫–∞–∂–∏ –∑–∞–∫–∞–∑—ã –∑–∞ 3 –¥–Ω—è" + —Å—Ö–µ–º–∞ –ë–î          ‚îÇ   ‚îÇ
‚îÇ  –í–´–•–û–î: –ü–ª–∞–Ω –≤ —Ñ–æ—Ä–º–∞—Ç–µ EXPLAIN (FORMAT JSON)        ‚îÇ   ‚îÇ
‚îî‚îÄ‚îÄ‚îÄ‚îÄ‚îÄ‚îÄ‚îÄ‚îÄ‚îÄ‚îÄ‚îÄ‚îÄ‚îÄ‚îÄ‚îÄ‚îÄ‚îÄ‚îÄ‚îÄ‚îÄ‚îÄ‚îÄ‚îÄ‚îÄ‚îÄ‚îÄ‚îÄ‚îÄ‚îÄ‚îÄ‚îÄ‚îÄ‚îÄ‚îÄ‚îÄ‚îÄ‚îÄ‚îÄ‚îÄ‚îÄ‚îÄ‚îÄ‚îÄ‚îÄ‚îÄ‚îÄ‚îÄ‚îÄ‚îÄ‚îÄ‚îÄ‚îÄ‚îÄ‚îÄ‚îÄ‚îÄ‚îÄ‚îò
```

### 5. **Core Platform**
```
‚îå‚îÄ‚îÄ‚îÄ‚îÄ‚îÄ‚îÄ‚îÄ‚îÄ‚îÄ‚îÄ‚îÄ‚îÄ‚îÄ‚îÄ‚îÄ‚îÄ‚îÄ‚îÄ‚îÄ‚îÄ‚îÄ‚îÄ‚îÄ‚îÄ‚îÄ‚îÄ‚îÄ‚îÄ‚îÄ‚îÄ‚îÄ‚îÄ‚îÄ‚îÄ‚îÄ‚îÄ‚îÄ‚îÄ‚îÄ‚îÄ‚îÄ‚îÄ‚îÄ‚îÄ‚îÄ‚îÄ‚îÄ‚îÄ‚îÄ‚îÄ‚îÄ‚îÄ‚îÄ‚îÄ‚îÄ‚îÄ‚îÄ‚îê
‚îÇ                   CORE PLATFORM                        ‚îÇ
‚îÇ  ‚îå‚îÄ‚îÄ‚îÄ‚îÄ‚îÄ‚îÄ‚îÄ‚îÄ‚îÄ‚îÄ‚îÄ‚îÄ‚îÄ‚îÄ‚îÄ‚îÄ‚îÄ‚îê  ‚îå‚îÄ‚îÄ‚îÄ‚îÄ‚îÄ‚îÄ‚îÄ‚îÄ‚îÄ‚îÄ‚îÄ‚îÄ‚îÄ‚îÄ‚îÄ‚îÄ‚îÄ‚îê              ‚îÇ
‚îÇ  ‚îÇ   –ü–æ–ª—É—á–µ–Ω–∏–µ     ‚îÇ  ‚îÇ  –î–æ–±–∞–≤–ª–µ–Ω–∏–µ     ‚îÇ              ‚îÇ
‚îÇ  ‚îÇ   –ø–ª–∞–Ω–∞ –æ—Ç      ‚îÇ  ‚îÇ  —Ä–æ–ª–µ–≤—ã—Ö        ‚îÇ              ‚îÇ
‚îÇ  ‚îÇ   API-—Å–µ—Ä–≤–∏—Å–∞   ‚îÇ  ‚îÇ  –æ–≥—Ä–∞–Ω–∏—á–µ–Ω–∏–π    ‚îÇ              ‚îÇ
‚îÇ  ‚îî‚îÄ‚îÄ‚îÄ‚îÄ‚îÄ‚îÄ‚îÄ‚îÄ‚îÄ‚îÄ‚îÄ‚îÄ‚îÄ‚îÄ‚îÄ‚îÄ‚îÄ‚îò  ‚îî‚îÄ‚îÄ‚îÄ‚îÄ‚îÄ‚îÄ‚îÄ‚îÄ‚îÄ‚îÄ‚îÄ‚îÄ‚îÄ‚îÄ‚îÄ‚îÄ‚îÄ‚îò              ‚îÇ
‚îÇ  ‚îå‚îÄ‚îÄ‚îÄ‚îÄ‚îÄ‚îÄ‚îÄ‚îÄ‚îÄ‚îÄ‚îÄ‚îÄ‚îÄ‚îÄ‚îÄ‚îÄ‚îÄ‚îê  ‚îå‚îÄ‚îÄ‚îÄ‚îÄ‚îÄ‚îÄ‚îÄ‚îÄ‚îÄ‚îÄ‚îÄ‚îÄ‚îÄ‚îÄ‚îÄ‚îÄ‚îÄ‚îê              ‚îÇ
‚îÇ  ‚îÇ   –ì–µ–Ω–µ—Ä–∞—Ü–∏—è     ‚îÇ  ‚îÇ  –í—ã–ø–æ–ª–Ω–µ–Ω–∏–µ     ‚îÇ              ‚îÇ
‚îÇ  ‚îÇ   SQL –∏–∑ –ø–ª–∞–Ω–∞  ‚îÇ  ‚îÇ  SQL –≤          ‚îÇ              ‚îÇ
‚îÇ  ‚îÇ                 ‚îÇ  ‚îÇ  PostgreSQL     ‚îÇ              ‚îÇ
‚îÇ  ‚îî‚îÄ‚îÄ‚îÄ‚îÄ‚îÄ‚îÄ‚îÄ‚îÄ‚îÄ‚îÄ‚îÄ‚îÄ‚îÄ‚îÄ‚îÄ‚îÄ‚îÄ‚îò  ‚îî‚îÄ‚îÄ‚îÄ‚îÄ‚îÄ‚îÄ‚îÄ‚îÄ‚îÄ‚îÄ‚îÄ‚îÄ‚îÄ‚îÄ‚îÄ‚îÄ‚îÄ‚îò              ‚îÇ
‚îî‚îÄ‚îÄ‚îÄ‚îÄ‚îÄ‚îÄ‚îÄ‚îÄ‚îÄ‚îÄ‚îÄ‚îÄ‚îÄ‚îÄ‚îÄ‚îÄ‚îÄ‚îÄ‚îÄ‚îÄ‚îÄ‚îÄ‚îÄ‚îÄ‚îÄ‚îÄ‚îÄ‚îÄ‚îÄ‚îÄ‚îÄ‚îÄ‚îÄ‚îÄ‚îÄ‚îÄ‚îÄ‚îÄ‚îÄ‚îÄ‚îÄ‚îÄ‚îÄ‚îÄ‚îÄ‚îÄ‚îÄ‚îÄ‚îÄ‚îÄ‚îÄ‚îÄ‚îÄ‚îÄ‚îÄ‚îÄ‚îÄ‚îò
```

### 6. **PostgreSQL**
```
‚îå‚îÄ‚îÄ‚îÄ‚îÄ‚îÄ‚îÄ‚îÄ‚îÄ‚îÄ‚îÄ‚îÄ‚îÄ‚îÄ‚îÄ‚îÄ‚îÄ‚îÄ‚îÄ‚îÄ‚îÄ‚îÄ‚îÄ‚îÄ‚îÄ‚îÄ‚îÄ‚îÄ‚îÄ‚îÄ‚îÄ‚îÄ‚îÄ‚îÄ‚îÄ‚îÄ‚îÄ‚îÄ‚îÄ‚îÄ‚îÄ‚îÄ‚îÄ‚îÄ‚îÄ‚îÄ‚îÄ‚îÄ‚îÄ‚îÄ‚îÄ‚îÄ‚îÄ‚îÄ‚îÄ‚îÄ‚îÄ‚îÄ‚îê
‚îÇ                    PostgreSQL                           ‚îÇ
‚îÇ  ‚îå‚îÄ‚îÄ‚îÄ‚îÄ‚îÄ‚îÄ‚îÄ‚îÄ‚îÄ‚îÄ‚îÄ‚îÄ‚îÄ‚îÄ‚îÄ‚îÄ‚îÄ‚îê  ‚îå‚îÄ‚îÄ‚îÄ‚îÄ‚îÄ‚îÄ‚îÄ‚îÄ‚îÄ‚îÄ‚îÄ‚îÄ‚îÄ‚îÄ‚îÄ‚îÄ‚îÄ‚îê              ‚îÇ
‚îÇ  ‚îÇ   –í—ã–ø–æ–ª–Ω–µ–Ω–∏–µ    ‚îÇ  ‚îÇ  Row Level      ‚îÇ              ‚îÇ
‚îÇ  ‚îÇ   SQL –∑–∞–ø—Ä–æ—Å–æ–≤  ‚îÇ  ‚îÇ  Security       ‚îÇ              ‚îÇ
‚îÇ  ‚îî‚îÄ‚îÄ‚îÄ‚îÄ‚îÄ‚îÄ‚îÄ‚îÄ‚îÄ‚îÄ‚îÄ‚îÄ‚îÄ‚îÄ‚îÄ‚îÄ‚îÄ‚îò  ‚îî‚îÄ‚îÄ‚îÄ‚îÄ‚îÄ‚îÄ‚îÄ‚îÄ‚îÄ‚îÄ‚îÄ‚îÄ‚îÄ‚îÄ‚îÄ‚îÄ‚îÄ‚îò              ‚îÇ
‚îÇ  ‚îå‚îÄ‚îÄ‚îÄ‚îÄ‚îÄ‚îÄ‚îÄ‚îÄ‚îÄ‚îÄ‚îÄ‚îÄ‚îÄ‚îÄ‚îÄ‚îÄ‚îÄ‚îê  ‚îå‚îÄ‚îÄ‚îÄ‚îÄ‚îÄ‚îÄ‚îÄ‚îÄ‚îÄ‚îÄ‚îÄ‚îÄ‚îÄ‚îÄ‚îÄ‚îÄ‚îÄ‚îê              ‚îÇ
‚îÇ  ‚îÇ   –ë–µ–∑–æ–ø–∞—Å–Ω–æ—Å—Ç—å  ‚îÇ  ‚îÇ   –û–ø—Ç–∏–º–∏–∑–∞—Ü–∏—è   ‚îÇ              ‚îÇ
‚îÇ  ‚îÇ   –¥–∞–Ω–Ω—ã—Ö        ‚îÇ  ‚îÇ   –∑–∞–ø—Ä–æ—Å–æ–≤      ‚îÇ              ‚îÇ
‚îÇ  ‚îî‚îÄ‚îÄ‚îÄ‚îÄ‚îÄ‚îÄ‚îÄ‚îÄ‚îÄ‚îÄ‚îÄ‚îÄ‚îÄ‚îÄ‚îÄ‚îÄ‚îÄ‚îò  ‚îî‚îÄ‚îÄ‚îÄ‚îÄ‚îÄ‚îÄ‚îÄ‚îÄ‚îÄ‚îÄ‚îÄ‚îÄ‚îÄ‚îÄ‚îÄ‚îÄ‚îÄ‚îò              ‚îÇ
‚îî‚îÄ‚îÄ‚îÄ‚îÄ‚îÄ‚îÄ‚îÄ‚îÄ‚îÄ‚îÄ‚îÄ‚îÄ‚îÄ‚îÄ‚îÄ‚îÄ‚îÄ‚îÄ‚îÄ‚îÄ‚îÄ‚îÄ‚îÄ‚îÄ‚îÄ‚îÄ‚îÄ‚îÄ‚îÄ‚îÄ‚îÄ‚îÄ‚îÄ‚îÄ‚îÄ‚îÄ‚îÄ‚îÄ‚îÄ‚îÄ‚îÄ‚îÄ‚îÄ‚îÄ‚îÄ‚îÄ‚îÄ‚îÄ‚îÄ‚îÄ‚îÄ‚îÄ‚îÄ‚îÄ‚îÄ‚îÄ‚îÄ‚îò
```

## üîÑ –î–µ—Ç–∞–ª—å–Ω—ã–π –ø–æ—Ç–æ–∫ –¥–∞–Ω–Ω—ã—Ö

### –®–∞–≥ 1: –ü–æ–ª—å–∑–æ–≤–∞—Ç–µ–ª—å –æ—Ç–ø—Ä–∞–≤–ª—è–µ—Ç –∑–∞–ø—Ä–æ—Å
```
–ü–æ–ª—å–∑–æ–≤–∞—Ç–µ–ª—å: "–ü–æ–∫–∞–∂–∏ –∑–∞–∫–∞–∑—ã –∑–∞ –ø–æ—Å–ª–µ–¥–Ω–∏–µ 3 –¥–Ω—è"
‚Üì
API-–°–µ—Ä–≤–∏—Å: –ü–æ–ª—É—á–∞–µ—Ç –∑–∞–ø—Ä–æ—Å + –∫–æ–Ω—Ç–µ–∫—Å—Ç –ø–æ–ª—å–∑–æ–≤–∞—Ç–µ–ª—è (—Ä–æ–ª—å, –ø—Ä–∞–≤–∞)
```

### –®–∞–≥ 2: –ì–µ–Ω–µ—Ä–∞—Ü–∏—è –ø–ª–∞–Ω–∞ —á–µ—Ä–µ–∑ LLM
```
API-–°–µ—Ä–≤–∏—Å ‚Üí LLM: 
- –ó–∞–ø—Ä–æ—Å: "–ü–æ–∫–∞–∂–∏ –∑–∞–∫–∞–∑—ã –∑–∞ –ø–æ—Å–ª–µ–¥–Ω–∏–µ 3 –¥–Ω—è"
- –°—Ö–µ–º–∞ –ë–î: {—Ç–∞–±–ª–∏—Ü—ã, –ø–æ–ª—è, —Å–≤—è–∑–∏}
- –ö–æ–Ω—Ç–µ–∫—Å—Ç: {—Ä–æ–ª—å –ø–æ–ª—å–∑–æ–≤–∞—Ç–µ–ª—è}

LLM ‚Üí API-–°–µ—Ä–≤–∏—Å:
- –ü–ª–∞–Ω –≤ —Ñ–æ—Ä–º–∞—Ç–µ EXPLAIN (FORMAT JSON)
```

### –®–∞–≥ 3: –ü–µ—Ä–µ–¥–∞—á–∞ –ø–ª–∞–Ω–∞ –≤ Core Platform
```
API-–°–µ—Ä–≤–∏—Å ‚Üí Core Platform:
{
  "query_plan": [
    {
      "Plan": {
        "Node Type": "Seq Scan",
        "Relation Name": "orders",
        "Filter": "(order_date >= '2025-01-01'::date)"
      }
    }
  ],
  "user_context": {
    "user_id": "123",
    "role": "manager",
    "branch_id": "456"
  }
}
```

### –®–∞–≥ 4: –û–±—Ä–∞–±–æ—Ç–∫–∞ –≤ Core Platform
```
Core Platform:
1. –ü–∞—Ä—Å–∏—Ç –ø–ª–∞–Ω
2. –î–æ–±–∞–≤–ª—è–µ—Ç —Ä–æ–ª–µ–≤—ã–µ –æ–≥—Ä–∞–Ω–∏—á–µ–Ω–∏—è
3. –ì–µ–Ω–µ—Ä–∏—Ä—É–µ—Ç SQL
4. –í—ã–ø–æ–ª–Ω—è–µ—Ç SQL –≤ PostgreSQL
5. –í–æ–∑–≤—Ä–∞—â–∞–µ—Ç —Ä–µ–∑—É–ª—å—Ç–∞—Ç
```

### –®–∞–≥ 5: –í–æ–∑–≤—Ä–∞—Ç —Ä–µ–∑—É–ª—å—Ç–∞—Ç–∞
```
Core Platform ‚Üí API-–°–µ—Ä–≤–∏—Å: –†–µ–∑—É–ª—å—Ç–∞—Ç –∑–∞–ø—Ä–æ—Å–∞
API-–°–µ—Ä–≤–∏—Å ‚Üí –ü–æ–ª—å–∑–æ–≤–∞—Ç–µ–ª—å: –§–æ—Ä–º–∞—Ç–∏—Ä–æ–≤–∞–Ω–Ω—ã–π –æ—Ç–≤–µ—Ç
```

## üìä –§–æ—Ä–º–∞—Ç –ø–ª–∞–Ω–∞ PostgreSQL

### –ü—Ä–∏–º–µ—Ä –ø–ª–∞–Ω–∞ –æ—Ç LLM:
```json
[
  {
    "Plan": {
      "Node Type": "Seq Scan",
      "Relation Name": "orders",
      "Alias": "orders",
      "Startup Cost": 0.00,
      "Total Cost": 25.00,
      "Plan Rows": 1000,
      "Plan Width": 244,
      "Filter": "(order_date >= '2025-01-01'::date)"
    }
  }
]
```

### –ü—Ä–∏–º–µ—Ä –ø–ª–∞–Ω–∞ —Å JOIN:
```json
[
  {
    "Plan": {
      "Node Type": "Hash Join",
      "Startup Cost": 25.00,
      "Total Cost": 50.00,
      "Plan Rows": 1000,
      "Plan Width": 488,
      "Hash Cond": "(orders.customer_id = customers.id)",
      "Plans": [
        {
          "Node Type": "Seq Scan",
          "Relation Name": "orders",
          "Startup Cost": 0.00,
          "Total Cost": 25.00,
          "Plan Rows": 1000,
          "Plan Width": 244
        },
        {
          "Node Type": "Hash",
          "Startup Cost": 0.00,
          "Total Cost": 25.00,
          "Plan Rows": 1000,
          "Plan Width": 244,
          "Plans": [
            {
              "Node Type": "Seq Scan",
              "Relation Name": "customers",
              "Startup Cost": 0.00,
              "Total Cost": 25.00,
              "Plan Rows": 1000,
              "Plan Width": 244
            }
          ]
        }
      ]
    }
  }
]
```

## üéØ –ö–ª—é—á–µ–≤—ã–µ –æ—Å–æ–±–µ–Ω–Ω–æ—Å—Ç–∏

### 1. **LLM –≥–µ–Ω–µ—Ä–∏—Ä—É–µ—Ç –ø–ª–∞–Ω, –∞ –Ω–µ SQL**
- LLM —Å–æ–∑–¥–∞–µ—Ç —Å—Ç—Ä—É–∫—Ç—É—Ä–∏—Ä–æ–≤–∞–Ω–Ω—ã–π –ø–ª–∞–Ω –≤ —Ñ–æ—Ä–º–∞—Ç–µ PostgreSQL EXPLAIN
- –ü–ª–∞–Ω —Å–æ–¥–µ—Ä–∂–∏—Ç –æ–ø–µ—Ä–∞—Ü–∏–∏, —Ç–∞–±–ª–∏—Ü—ã, —É—Å–ª–æ–≤–∏—è, –æ—Ü–µ–Ω–∫–∏ —Å—Ç–æ–∏–º–æ—Å—Ç–∏

### 2. **Core Platform –æ–±—Ä–∞–±–∞—Ç—ã–≤–∞–µ—Ç –ø–ª–∞–Ω**
- –ü–æ–ª—É—á–∞–µ—Ç –ø–ª–∞–Ω –æ—Ç API-—Å–µ—Ä–≤–∏—Å–∞
- –î–æ–±–∞–≤–ª—è–µ—Ç —Ä–æ–ª–µ–≤—ã–µ –æ–≥—Ä–∞–Ω–∏—á–µ–Ω–∏—è
- –ì–µ–Ω–µ—Ä–∏—Ä—É–µ—Ç SQL –∏–∑ –ø–ª–∞–Ω–∞
- –í—ã–ø–æ–ª–Ω—è–µ—Ç SQL –≤ PostgreSQL

### 3. **–†–æ–ª–µ–≤–∞—è –º–æ–¥–µ–ª—å**
- –ö–∞–∂–¥—ã–π –ø–æ–ª—å–∑–æ–≤–∞—Ç–µ–ª—å –∏–º–µ–µ—Ç —Ä–æ–ª—å –∏ –ø—Ä–∞–≤–∞
- Core Platform –∞–≤—Ç–æ–º–∞—Ç–∏—á–µ—Å–∫–∏ –¥–æ–±–∞–≤–ª—è–µ—Ç –æ–≥—Ä–∞–Ω–∏—á–µ–Ω–∏—è
- PostgreSQL RLS –æ–±–µ—Å–ø–µ—á–∏–≤–∞–µ—Ç –±–µ–∑–æ–ø–∞—Å–Ω–æ—Å—Ç—å –Ω–∞ —É—Ä–æ–≤–Ω–µ —Å—Ç—Ä–æ–∫

### 4. **–§–æ—Ä–º–∞—Ç—ã –ø–ª–∞–Ω–æ–≤**
- JSON (—Ä–µ–∫–æ–º–µ–Ω–¥—É–µ–º—ã–π –¥–ª—è API)
- XML (—Å—Ç–∞–Ω–¥–∞—Ä—Ç–Ω—ã–π)
- YAML (—á–∏—Ç–∞–µ–º—ã–π)

## ‚ùì –û—Å—Ç–∞—é—â–∏–µ—Å—è –≤–æ–ø—Ä–æ—Å—ã

1. **–ö–∞–∫–æ–π —Ñ–æ—Ä–º–∞—Ç –ø–ª–∞–Ω–∞ –ø—Ä–µ–¥–ø–æ—á—Ç–∏—Ç–µ–ª—å–Ω–µ–µ?** (JSON/XML/YAML)
2. **–ö–∞–∫–æ–π API —É Core Platform** –¥–ª—è –æ–±—Ä–∞–±–æ—Ç–∫–∏ –ø–ª–∞–Ω–æ–≤?
3. **–ö–∞–∫ —Ç–µ—Å—Ç–∏—Ä–æ–≤–∞—Ç—å –≥–µ–Ω–µ—Ä–∞—Ü–∏—é –ø–ª–∞–Ω–æ–≤** LLM?
4. **–ï—Å—Ç—å –ª–∏ –ø—Ä–∏–º–µ—Ä—ã –ø–ª–∞–Ω–æ–≤** –¥–ª—è —Ç–µ—Å—Ç–∏—Ä–æ–≤–∞–Ω–∏—è?
5. **–ö–∞–∫ –≤–∞–ª–∏–¥–∏—Ä–æ–≤–∞—Ç—å** –∫–æ—Ä—Ä–µ–∫—Ç–Ω–æ—Å—Ç—å —Å–≥–µ–Ω–µ—Ä–∏—Ä–æ–≤–∞–Ω–Ω—ã—Ö –ø–ª–∞–Ω–æ–≤?

## üöÄ –°–ª–µ–¥—É—é—â–∏–µ —à–∞–≥–∏

1. **–í—ã–±—Ä–∞—Ç—å —Ñ–æ—Ä–º–∞—Ç –ø–ª–∞–Ω–∞** (JSON/XML/YAML)
2. **–°–æ–∑–¥–∞—Ç—å –ø—Ä–æ–º–ø—Ç –¥–ª—è LLM** - –≥–µ–Ω–µ—Ä–∞—Ü–∏—è PostgreSQL –ø–ª–∞–Ω–∞
3. **–ü—Ä–æ—Ç–µ—Å—Ç–∏—Ä–æ–≤–∞—Ç—å –≥–µ–Ω–µ—Ä–∞—Ü–∏—é** - –ø—Ä–æ—Å—Ç—ã–µ –∑–∞–ø—Ä–æ—Å—ã
4. **–ò–Ω—Ç–µ–≥—Ä–∏—Ä–æ–≤–∞—Ç—å —Å Core Platform** - –ø–µ—Ä–µ–¥–∞—á–∞ –ø–ª–∞–Ω–∞
5. **–†–µ–∞–ª–∏–∑–æ–≤–∞—Ç—å —Ä–æ–ª–µ–≤—É—é –º–æ–¥–µ–ª—å** - –æ–≥—Ä–∞–Ω–∏—á–µ–Ω–∏—è –ø–æ —Ä–æ–ª—è–º





